TN:
SF:src\services\championshipService.js
FN:6,(anonymous_0)
FN:16,(anonymous_1)
FN:40,(anonymous_2)
FN:51,(anonymous_3)
FN:55,(anonymous_4)
FN:59,(anonymous_5)
FN:80,(anonymous_6)
FN:81,(anonymous_7)
FN:94,(anonymous_8)
FN:108,(anonymous_9)
FNF:10
FNH:7
FNDA:5,(anonymous_0)
FNDA:6,(anonymous_1)
FNDA:5,(anonymous_2)
FNDA:46,(anonymous_3)
FNDA:12,(anonymous_4)
FNDA:4,(anonymous_5)
FNDA:2,(anonymous_6)
FNDA:0,(anonymous_7)
FNDA:0,(anonymous_8)
FNDA:0,(anonymous_9)
DA:1,1
DA:2,1
DA:3,1
DA:4,1
DA:6,1
DA:7,5
DA:8,5
DA:9,5
DA:11,0
DA:12,0
DA:16,1
DA:17,6
DA:18,6
DA:19,17
DA:20,17
DA:22,17
DA:23,1
DA:26,16
DA:27,16
DA:28,16
DA:37,5
DA:40,1
DA:41,5
DA:42,5
DA:43,5
DA:44,5
DA:46,5
DA:47,2
DA:51,46
DA:53,3
DA:55,12
DA:57,3
DA:59,4
DA:62,2
DA:63,0
DA:67,2
DA:69,2
DA:70,2
DA:79,2
DA:80,2
DA:81,2
DA:84,0
DA:90,5
DA:94,1
DA:95,0
DA:97,0
DA:102,0
DA:103,0
DA:108,0
DA:109,0
DA:110,0
DA:112,0
DA:113,0
DA:116,0
DA:125,0
DA:126,0
DA:130,1
LF:57
LH:41
BRDA:9,0,0,5
BRDA:9,0,1,0
BRDA:22,1,0,1
BRDA:22,1,1,16
BRDA:22,2,0,17
BRDA:22,2,1,16
BRDA:22,2,2,16
BRDA:22,2,3,16
BRDA:46,3,0,2
BRDA:46,3,1,3
BRDA:62,4,0,0
BRDA:62,4,1,2
BRDA:81,5,0,0
BRDA:81,5,1,0
BRDA:102,6,0,0
BRDA:102,6,1,0
BRDA:109,7,0,0
BRDA:109,7,1,0
BRF:18
BRH:10
end_of_record
TN:
SF:src\services\matchService.js
FN:3,(anonymous_0)
FN:22,(anonymous_1)
FNF:2
FNH:1
FNDA:0,(anonymous_0)
FNDA:4,(anonymous_1)
DA:1,1
DA:3,1
DA:4,0
DA:10,0
DA:11,0
DA:12,0
DA:17,0
DA:18,0
DA:22,1
DA:23,4
DA:24,1
DA:25,3
DA:26,1
DA:28,2
DA:32,1
LF:15
LH:9
BRDA:23,0,0,1
BRDA:23,0,1,3
BRDA:25,1,0,1
BRDA:25,1,1,2
BRDA:28,2,0,1
BRDA:28,2,1,1
BRF:6
BRH:6
end_of_record
TN:
SF:src\services\teamService.js
FN:3,(anonymous_0)
FN:22,(anonymous_1)
FN:31,(anonymous_2)
FN:33,(anonymous_3)
FNF:4
FNH:4
FNDA:3,(anonymous_0)
FNDA:2,(anonymous_1)
FNDA:2,(anonymous_2)
FNDA:5,(anonymous_3)
DA:1,1
DA:3,1
DA:4,3
DA:5,3
DA:6,3
DA:7,1
DA:10,2
DA:11,2
DA:12,1
DA:15,1
DA:16,1
DA:18,2
DA:22,1
DA:23,2
DA:24,2
DA:25,1
DA:27,1
DA:31,1
DA:32,2
DA:33,2
DA:34,5
DA:35,1
DA:36,4
DA:37,0
DA:38,4
DA:39,1
DA:42,2
DA:45,1
LF:28
LH:27
BRDA:6,0,0,1
BRDA:6,0,1,2
BRDA:11,1,0,1
BRDA:11,1,1,1
BRDA:34,2,0,1
BRDA:34,2,1,4
BRDA:34,3,0,5
BRDA:34,3,1,2
BRDA:36,4,0,0
BRDA:36,4,1,4
BRDA:36,5,0,4
BRDA:36,5,1,3
BRDA:38,6,0,1
BRDA:38,6,1,3
BRF:14
BRH:13
end_of_record
